
ROM used:   1581/8192 (19%)
            1581/8192 (19%) including unused fragments

            1.2 Average locations per line
            7.3 Average locations per statement

RAM used:   18/368 (5%) at main() level
            31/368 (8%) worst case

Stack used: 5 worst case (5 in main + 0 for interrupts)
Stack size: 8

Lines Stmts  %   Files
----- ----- ---  -----
  141   117  54  final.c
  671     0   0  ..\..\..\..\..\..\..\Program Files (x86)\PICC\Devices\16F877A.h
  456   100  46  ..\..\..\..\..\..\..\Program Files (x86)\PICC\Drivers\lcd.c
----- -----
 1268   217 Total

Page ROM  %  RAM   Vol Diff  Functions:
---- --- --- ---   --- ----  ----------
0     20   1    1             @delay_ms1
 Inline         3   760  4.5  lcd_read_byte
0     57   4    2   262  3.7  lcd_read_nibble
0     56   4    1   399  2.4  lcd_send_nibble
0    136   9    3   415  3.7  lcd_send_byte
0    104   7    6   852  6.2  lcd_init
0     18   1    4   208  6.3  lcd_gotoxy
0     44   3    1   354  4.7  lcd_putc
0   1010  64    2  5885  6.4  MAIN
0      7   0    0             @const667
0     86   5    4             @PSTRINGC7_646
0      2   0    0             @const669
0      7   0    0             @const670
0      3   0    0             @const671
0      6   0    0             @const672
0      4   0    0             @const673
0      3   0    0             @const674
0      2   0    0             @const675
0      3   0    0             @const676
0      9   1    0             @const677
 Inline         0             @cinit1

Program metrics:
    Functions               8
    Statements              217
    Comments                221
    Volume (V)              11976
    Difficulty (D)          36.3
    Effort to implement (E) 434587
    Time to implement (T)   6 hours, 42 minutes
    Est Delivered Bugs (B)  2
    Cyclomatic Complexity   19
    Maintainability (MI)    127

 Segment     Used  Free
-----------  ----  ----
00000-00003     4  0  
00004-007FF  1577  467  
00800-00FFF     0  2048  
01000-017FF     0  2048  
01800-01FFF     0  2048  



